<?xml version="1.0" encoding="UTF-8"?>
<testsuite xmlns:xsi="http://www.w3.org/2001/XMLSchema-instance" xsi:noNamespaceSchemaLocation="https://maven.apache.org/surefire/maven-surefire-plugin/xsd/surefire-test-report-3.0.xsd" version="3.0" name="com.example.spring.BibliotecaApplicationTests" time="8.864" tests="1" errors="0" skipped="0" failures="0">
  <properties>
[...]
</properties>
  <testcase name="contextLoads" classname="com.example.spring.BibliotecaApplicationTests" time="0.562">
    <system-out><![CDATA[11:59:33.200 [main] INFO org.springframework.test.context.support.AnnotationConfigContextLoaderUtils -- Could not detect default configuration classes for test class [com.example.spring.BibliotecaApplicationTests]: BibliotecaApplicationTests does not declare any static, non-private, non-final, nested classes annotated with @Configuration.
11:59:33.365 [main] INFO org.springframework.boot.test.context.SpringBootTestContextBootstrapper -- Found @SpringBootConfiguration com.example.spring.BibliotecaApplication for test class com.example.spring.BibliotecaApplicationTests
11:59:33.670 [main] INFO org.springframework.boot.devtools.restart.RestartApplicationListener -- Restart disabled due to context in which it is running
  .   ____          _            __ _ _
 /\\ / ___'_ __ _ _(_)_ __  __ _ \ \ \ \
( ( )\___ | '_ | '_| | '_ \/ _` | \ \ \ \
 \\/  ___)| |_)| | | | | || (_| |  ) ) ) )
  '  |____| .__|_| |_|_| |_\__, | / / / /
 =========|_|==============|___/=/_/_/_/

 :: Spring Boot ::                (v3.3.0)

2024-08-27T11:59:34.017-05:00  INFO 1368 --- [           main] c.e.spring.BibliotecaApplicationTests    : Starting BibliotecaApplicationTests using Java 17.0.8 with PID 1368 (started by l in C:\Users\l\Documents\GitHub\ApiBiblioteca)
2024-08-27T11:59:34.017-05:00  INFO 1368 --- [           main] c.e.spring.BibliotecaApplicationTests    : No active profile set, falling back to 1 default profile: "default"
2024-08-27T11:59:35.035-05:00  INFO 1368 --- [           main] .s.d.r.c.RepositoryConfigurationDelegate : Bootstrapping Spring Data JPA repositories in DEFAULT mode.
2024-08-27T11:59:35.124-05:00  INFO 1368 --- [           main] .s.d.r.c.RepositoryConfigurationDelegate : Finished Spring Data repository scanning in 77 ms. Found 2 JPA repository interfaces.
2024-08-27T11:59:35.798-05:00  INFO 1368 --- [           main] o.hibernate.jpa.internal.util.LogHelper  : HHH000204: Processing PersistenceUnitInfo [name: default]
2024-08-27T11:59:35.927-05:00  INFO 1368 --- [           main] org.hibernate.Version                    : HHH000412: Hibernate ORM core version 6.5.2.Final
2024-08-27T11:59:35.998-05:00  INFO 1368 --- [           main] o.h.c.internal.RegionFactoryInitiator    : HHH000026: Second-level cache disabled
2024-08-27T11:59:36.531-05:00  INFO 1368 --- [           main] o.s.o.j.p.SpringPersistenceUnitInfo      : No LoadTimeWeaver setup: ignoring JPA class transformer
2024-08-27T11:59:36.567-05:00  INFO 1368 --- [           main] com.zaxxer.hikari.HikariDataSource       : HikariPool-1 - Starting...
2024-08-27T11:59:38.450-05:00  INFO 1368 --- [           main] com.zaxxer.hikari.pool.HikariPool        : HikariPool-1 - Added connection com.mysql.cj.jdbc.ConnectionImpl@1ed9d173
2024-08-27T11:59:38.450-05:00  INFO 1368 --- [           main] com.zaxxer.hikari.HikariDataSource       : HikariPool-1 - Start completed.
2024-08-27T11:59:40.009-05:00  INFO 1368 --- [           main] o.h.e.t.j.p.i.JtaPlatformInitiator       : HHH000489: No JTA platform available (set 'hibernate.transaction.jta.platform' to enable JTA platform integration)
2024-08-27T11:59:40.014-05:00  INFO 1368 --- [           main] j.LocalContainerEntityManagerFactoryBean : Initialized JPA EntityManagerFactory for persistence unit 'default'
2024-08-27T11:59:40.487-05:00  INFO 1368 --- [           main] o.s.d.j.r.query.QueryEnhancerFactory     : EclipseLink is in classpath; If applicable, EQL parser will be used.
2024-08-27T11:59:40.487-05:00  INFO 1368 --- [           main] o.s.d.j.r.query.QueryEnhancerFactory     : Hibernate is in classpath; If applicable, HQL parser will be used.
2024-08-27T11:59:40.680-05:00  WARN 1368 --- [           main] JpaBaseConfiguration$JpaWebConfiguration : spring.jpa.open-in-view is enabled by default. Therefore, database queries may be performed during view rendering. Explicitly configure spring.jpa.open-in-view to disable this warning
2024-08-27T11:59:41.192-05:00  INFO 1368 --- [           main] c.e.spring.BibliotecaApplicationTests    : Started BibliotecaApplicationTests in 7.537 seconds (process running for 9.035)
]]></system-out>
  </testcase>
</testsuite>